<?xml version="1.0" encoding="UTF-8"?>
<!-- Generated by org.testng.reporters.JUnitXMLReporter -->
<testsuite ignored="0" hostname="DSNPVT" failures="0" tests="5" name="MyTest" time="33.475" errors="0" timestamp="2023-10-02T18:37:04 IST">
  <testcase classname="com.obsqura.tests.CreateandDeleteExpense" name="MyCreateDeleteExpense" time="4.714"/>
  <testcase classname="com.obsqura.tests.LoginTest" name="MyLoginTest" time="0.984"/>
  <testcase classname="com.obsqura.tests.UpdateContact" name="UpdateContactTest" time="4.686"/>
  <testcase classname="com.obsqura.tests.CreateDeliveryBoy" name="CreateDeliveryBoyTest" time="2.995"/>
  <testcase classname="com.obsqura.tests.SearchProductTest" name="MySearchProductTest" time="2.064"/>
</testsuite> <!-- MyTest -->
