<?xml version="1.0" encoding="UTF-8"?>
<testng-results ignored="0" total="10" passed="10" failed="0" skipped="0">
  <reporter-output>
  </reporter-output>
  <suite started-at="2023-10-02T19:07:16 IST" name="Suite" finished-at="2023-10-02T19:08:08 IST" duration-ms="51247">
    <groups>
      <group name="Sanity">
        <method signature="CreateandDeleteExpense.MyCreateDeleteExpense()[pri:0, instance:com.obsqura.tests.CreateandDeleteExpense@4e0ae11f]" name="MyCreateDeleteExpense" class="com.obsqura.tests.CreateandDeleteExpense"/>
      </group> <!-- Sanity -->
      <group name="Regression">
        <method signature="SearchProductTest.MySearchProductTest()[pri:0, instance:com.obsqura.tests.SearchProductTest@22f59fa]" name="MySearchProductTest" class="com.obsqura.tests.SearchProductTest"/>
        <method signature="CreateDeliveryBoy.CreateDeliveryBoyTest()[pri:0, instance:com.obsqura.tests.CreateDeliveryBoy@38af9828]" name="CreateDeliveryBoyTest" class="com.obsqura.tests.CreateDeliveryBoy"/>
      </group> <!-- Regression -->
      <group name="Smoke">
        <method signature="LoginTest.MyLoginTest()[pri:0, instance:com.obsqura.tests.LoginTest@2f953efd]" name="MyLoginTest" class="com.obsqura.tests.LoginTest"/>
        <method signature="UpdateContact.UpdateContactTest()[pri:0, instance:com.obsqura.tests.UpdateContact@222a59e6]" name="UpdateContactTest" class="com.obsqura.tests.UpdateContact"/>
      </group> <!-- Smoke -->
    </groups>
    <test started-at="2023-10-02T19:07:16 IST" name="Test4" finished-at="2023-10-02T19:07:41 IST" duration-ms="24448">
      <class name="com.obsqura.tests.CreateDeliveryBoy">
        <test-method is-config="true" signature="InitializeDriver()[pri:0, instance:com.obsqura.tests.CreateDeliveryBoy@38af9828]" started-at="2023-10-02T19:07:17 IST" name="InitializeDriver" finished-at="2023-10-02T19:07:27 IST" duration-ms="10924" status="PASS">
          <reporter-output>
          </reporter-output>
        </test-method> <!-- InitializeDriver -->
        <test-method signature="CreateDeliveryBoyTest()[pri:0, instance:com.obsqura.tests.CreateDeliveryBoy@38af9828]" started-at="2023-10-02T19:07:27 IST" name="CreateDeliveryBoyTest" finished-at="2023-10-02T19:07:39 IST" duration-ms="11383" status="PASS">
          <reporter-output>
          </reporter-output>
        </test-method> <!-- CreateDeliveryBoyTest -->
        <test-method is-config="true" signature="TearDown()[pri:0, instance:com.obsqura.tests.CreateDeliveryBoy@38af9828]" started-at="2023-10-02T19:07:39 IST" name="TearDown" finished-at="2023-10-02T19:07:41 IST" duration-ms="2069" status="PASS">
          <reporter-output>
          </reporter-output>
        </test-method> <!-- TearDown -->
      </class> <!-- com.obsqura.tests.CreateDeliveryBoy -->
    </test> <!-- Test4 -->
    <test started-at="2023-10-02T19:07:16 IST" name="Test1" finished-at="2023-10-02T19:07:44 IST" duration-ms="27669">
      <class name="com.obsqura.tests.LoginTest">
        <test-method is-config="true" signature="InitializeDriver()[pri:0, instance:com.obsqura.tests.LoginTest@2f953efd]" started-at="2023-10-02T19:07:17 IST" name="InitializeDriver" finished-at="2023-10-02T19:07:30 IST" duration-ms="13529" status="PASS">
          <reporter-output>
          </reporter-output>
        </test-method> <!-- InitializeDriver -->
        <test-method signature="MyLoginTest()[pri:0, instance:com.obsqura.tests.LoginTest@2f953efd]" started-at="2023-10-02T19:07:30 IST" name="MyLoginTest" finished-at="2023-10-02T19:07:35 IST" duration-ms="5206" status="PASS">
          <reporter-output>
          </reporter-output>
        </test-method> <!-- MyLoginTest -->
        <test-method is-config="true" signature="TearDown()[pri:0, instance:com.obsqura.tests.LoginTest@2f953efd]" started-at="2023-10-02T19:07:35 IST" name="TearDown" finished-at="2023-10-02T19:07:44 IST" duration-ms="8831" status="PASS">
          <reporter-output>
          </reporter-output>
        </test-method> <!-- TearDown -->
      </class> <!-- com.obsqura.tests.LoginTest -->
    </test> <!-- Test1 -->
    <test started-at="2023-10-02T19:07:16 IST" name="Test5" finished-at="2023-10-02T19:07:44 IST" duration-ms="27743">
      <class name="com.obsqura.tests.UpdateContact">
        <test-method is-config="true" signature="InitializeDriver()[pri:0, instance:com.obsqura.tests.UpdateContact@222a59e6]" started-at="2023-10-02T19:07:17 IST" name="InitializeDriver" finished-at="2023-10-02T19:07:30 IST" duration-ms="13089" status="PASS">
          <reporter-output>
          </reporter-output>
        </test-method> <!-- InitializeDriver -->
        <test-method signature="UpdateContactTest()[pri:0, instance:com.obsqura.tests.UpdateContact@222a59e6]" started-at="2023-10-02T19:07:30 IST" name="UpdateContactTest" finished-at="2023-10-02T19:07:43 IST" duration-ms="13775" status="PASS">
          <reporter-output>
          </reporter-output>
        </test-method> <!-- UpdateContactTest -->
        <test-method is-config="true" signature="TearDown()[pri:0, instance:com.obsqura.tests.UpdateContact@222a59e6]" started-at="2023-10-02T19:07:43 IST" name="TearDown" finished-at="2023-10-02T19:07:44 IST" duration-ms="818" status="PASS">
          <reporter-output>
          </reporter-output>
        </test-method> <!-- TearDown -->
      </class> <!-- com.obsqura.tests.UpdateContact -->
    </test> <!-- Test5 -->
    <test started-at="2023-10-02T19:07:16 IST" name="Test2" finished-at="2023-10-02T19:07:55 IST" duration-ms="38583">
      <class name="com.obsqura.tests.SearchProductTest">
        <test-method is-config="true" signature="InitializeDriver()[pri:0, instance:com.obsqura.tests.SearchProductTest@22f59fa]" started-at="2023-10-02T19:07:17 IST" name="InitializeDriver" finished-at="2023-10-02T19:07:30 IST" duration-ms="13582" status="PASS">
          <reporter-output>
          </reporter-output>
        </test-method> <!-- InitializeDriver -->
        <test-method signature="MySearchProductTest()[pri:0, instance:com.obsqura.tests.SearchProductTest@22f59fa]" started-at="2023-10-02T19:07:30 IST" name="MySearchProductTest" finished-at="2023-10-02T19:07:37 IST" duration-ms="7162" status="PASS">
          <reporter-output>
          </reporter-output>
        </test-method> <!-- MySearchProductTest -->
        <test-method is-config="true" signature="TearDown()[pri:0, instance:com.obsqura.tests.SearchProductTest@22f59fa]" started-at="2023-10-02T19:07:37 IST" name="TearDown" finished-at="2023-10-02T19:07:55 IST" duration-ms="17719" status="PASS">
          <reporter-output>
          </reporter-output>
        </test-method> <!-- TearDown -->
      </class> <!-- com.obsqura.tests.SearchProductTest -->
    </test> <!-- Test2 -->
    <test started-at="2023-10-02T19:07:16 IST" name="Test3" finished-at="2023-10-02T19:07:57 IST" duration-ms="40244">
      <class name="com.obsqura.tests.CreateandDeleteExpense">
        <test-method is-config="true" signature="InitializeDriver()[pri:0, instance:com.obsqura.tests.CreateandDeleteExpense@4e0ae11f]" started-at="2023-10-02T19:07:17 IST" name="InitializeDriver" finished-at="2023-10-02T19:07:29 IST" duration-ms="12527" status="PASS">
          <reporter-output>
          </reporter-output>
        </test-method> <!-- InitializeDriver -->
        <test-method signature="MyCreateDeleteExpense()[pri:0, instance:com.obsqura.tests.CreateandDeleteExpense@4e0ae11f]" started-at="2023-10-02T19:07:29 IST" name="MyCreateDeleteExpense" finished-at="2023-10-02T19:07:41 IST" duration-ms="11735" status="PASS">
          <reporter-output>
          </reporter-output>
        </test-method> <!-- MyCreateDeleteExpense -->
        <test-method is-config="true" signature="TearDown()[pri:0, instance:com.obsqura.tests.CreateandDeleteExpense@4e0ae11f]" started-at="2023-10-02T19:07:41 IST" name="TearDown" finished-at="2023-10-02T19:07:57 IST" duration-ms="15909" status="PASS">
          <reporter-output>
          </reporter-output>
        </test-method> <!-- TearDown -->
      </class> <!-- com.obsqura.tests.CreateandDeleteExpense -->
    </test> <!-- Test3 -->
    <test started-at="2023-10-02T19:07:44 IST" name="Test7" finished-at="2023-10-02T19:07:57 IST" duration-ms="12872">
      <class name="com.obsqura.tests.EditPaymentTest">
        <test-method is-config="true" signature="InitializeDriver()[pri:0, instance:com.obsqura.tests.EditPaymentTest@18ece7f4]" started-at="2023-10-02T19:07:44 IST" name="InitializeDriver" finished-at="2023-10-02T19:07:51 IST" duration-ms="7200" status="PASS">
          <reporter-output>
          </reporter-output>
        </test-method> <!-- InitializeDriver -->
        <test-method signature="EditMyPayment()[pri:0, instance:com.obsqura.tests.EditPaymentTest@18ece7f4]" started-at="2023-10-02T19:07:51 IST" name="EditMyPayment" finished-at="2023-10-02T19:07:56 IST" duration-ms="4457" status="PASS">
          <reporter-output>
          </reporter-output>
        </test-method> <!-- EditMyPayment -->
        <test-method is-config="true" signature="TearDown()[pri:0, instance:com.obsqura.tests.EditPaymentTest@18ece7f4]" started-at="2023-10-02T19:07:56 IST" name="TearDown" finished-at="2023-10-02T19:07:57 IST" duration-ms="1209" status="PASS">
          <reporter-output>
          </reporter-output>
        </test-method> <!-- TearDown -->
      </class> <!-- com.obsqura.tests.EditPaymentTest -->
    </test> <!-- Test7 -->
    <test started-at="2023-10-02T19:07:44 IST" name="Test8" finished-at="2023-10-02T19:07:58 IST" duration-ms="14155">
      <class name="com.obsqura.tests.PushNotificationTest">
        <test-method is-config="true" signature="InitializeDriver()[pri:0, instance:com.obsqura.tests.PushNotificationTest@b86de0d]" started-at="2023-10-02T19:07:44 IST" name="InitializeDriver" finished-at="2023-10-02T19:07:51 IST" duration-ms="6636" status="PASS">
          <reporter-output>
          </reporter-output>
        </test-method> <!-- InitializeDriver -->
        <test-method signature="MyNotifications()[pri:0, instance:com.obsqura.tests.PushNotificationTest@b86de0d]" started-at="2023-10-02T19:07:51 IST" name="MyNotifications" finished-at="2023-10-02T19:07:55 IST" duration-ms="4482" status="PASS">
          <reporter-output>
          </reporter-output>
        </test-method> <!-- MyNotifications -->
        <test-method is-config="true" signature="TearDown()[pri:0, instance:com.obsqura.tests.PushNotificationTest@b86de0d]" started-at="2023-10-02T19:07:55 IST" name="TearDown" finished-at="2023-10-02T19:07:58 IST" duration-ms="3031" status="PASS">
          <reporter-output>
          </reporter-output>
        </test-method> <!-- TearDown -->
      </class> <!-- com.obsqura.tests.PushNotificationTest -->
    </test> <!-- Test8 -->
    <test started-at="2023-10-02T19:07:42 IST" name="Test6" finished-at="2023-10-02T19:08:07 IST" duration-ms="24907">
      <class name="com.obsqura.tests.AddLocationTest">
        <test-method is-config="true" signature="InitializeDriver()[pri:0, instance:com.obsqura.tests.AddLocationTest@4bff7da0]" started-at="2023-10-02T19:07:42 IST" name="InitializeDriver" finished-at="2023-10-02T19:07:46 IST" duration-ms="3830" status="PASS">
          <reporter-output>
          </reporter-output>
        </test-method> <!-- InitializeDriver -->
        <test-method signature="AddMyLocation()[pri:0, instance:com.obsqura.tests.AddLocationTest@4bff7da0]" started-at="2023-10-02T19:07:46 IST" name="AddMyLocation" finished-at="2023-10-02T19:07:55 IST" duration-ms="8729" status="PASS">
          <reporter-output>
          </reporter-output>
        </test-method> <!-- AddMyLocation -->
        <test-method is-config="true" signature="TearDown()[pri:0, instance:com.obsqura.tests.AddLocationTest@4bff7da0]" started-at="2023-10-02T19:07:55 IST" name="TearDown" finished-at="2023-10-02T19:08:07 IST" duration-ms="12339" status="PASS">
          <reporter-output>
          </reporter-output>
        </test-method> <!-- TearDown -->
      </class> <!-- com.obsqura.tests.AddLocationTest -->
    </test> <!-- Test6 -->
    <test started-at="2023-10-02T19:07:57 IST" name="Test10" finished-at="2023-10-02T19:08:08 IST" duration-ms="10772">
      <class name="com.obsqura.tests.AddNewsTest">
        <test-method is-config="true" signature="InitializeDriver()[pri:0, instance:com.obsqura.tests.AddNewsTest@35a3d49f]" started-at="2023-10-02T19:07:57 IST" name="InitializeDriver" finished-at="2023-10-02T19:08:03 IST" duration-ms="6607" status="PASS">
          <reporter-output>
          </reporter-output>
        </test-method> <!-- InitializeDriver -->
        <test-method signature="AddMyNews()[pri:0, instance:com.obsqura.tests.AddNewsTest@35a3d49f]" started-at="2023-10-02T19:08:03 IST" name="AddMyNews" finished-at="2023-10-02T19:08:07 IST" duration-ms="3411" status="PASS">
          <reporter-output>
          </reporter-output>
        </test-method> <!-- AddMyNews -->
        <test-method is-config="true" signature="TearDown()[pri:0, instance:com.obsqura.tests.AddNewsTest@35a3d49f]" started-at="2023-10-02T19:08:07 IST" name="TearDown" finished-at="2023-10-02T19:08:08 IST" duration-ms="749" status="PASS">
          <reporter-output>
          </reporter-output>
        </test-method> <!-- TearDown -->
      </class> <!-- com.obsqura.tests.AddNewsTest -->
    </test> <!-- Test10 -->
    <test started-at="2023-10-02T19:07:55 IST" name="Test9" finished-at="2023-10-02T19:08:08 IST" duration-ms="12360">
      <class name="com.obsqura.tests.AddAdminUsersTest">
        <test-method is-config="true" signature="InitializeDriver()[pri:0, instance:com.obsqura.tests.AddAdminUsersTest@13df2a8c]" started-at="2023-10-02T19:07:55 IST" name="InitializeDriver" finished-at="2023-10-02T19:07:59 IST" duration-ms="3657" status="PASS">
          <reporter-output>
          </reporter-output>
        </test-method> <!-- InitializeDriver -->
        <test-method signature="AddMyAdminUser()[pri:0, instance:com.obsqura.tests.AddAdminUsersTest@13df2a8c]" started-at="2023-10-02T19:07:59 IST" name="AddMyAdminUser" finished-at="2023-10-02T19:08:07 IST" duration-ms="7712" status="PASS">
          <reporter-output>
          </reporter-output>
        </test-method> <!-- AddMyAdminUser -->
        <test-method is-config="true" signature="TearDown()[pri:0, instance:com.obsqura.tests.AddAdminUsersTest@13df2a8c]" started-at="2023-10-02T19:08:07 IST" name="TearDown" finished-at="2023-10-02T19:08:08 IST" duration-ms="975" status="PASS">
          <reporter-output>
          </reporter-output>
        </test-method> <!-- TearDown -->
      </class> <!-- com.obsqura.tests.AddAdminUsersTest -->
    </test> <!-- Test9 -->
  </suite> <!-- Suite -->
</testng-results>
